Analysis & Synthesis report for music
Fri Jun 02 17:01:18 2017
Quartus II Version 9.1 Build 304 01/25/2010 Service Pack 1 SJ Web Edition


---------------------
; Table of Contents ;
---------------------
  1. Legal Notice
  2. Analysis & Synthesis Summary
  3. Analysis & Synthesis Settings
  4. Parallel Compilation
  5. Analysis & Synthesis Source Files Read
  6. Analysis & Synthesis Resource Usage Summary
  7. Analysis & Synthesis Resource Utilization by Entity
  8. Analysis & Synthesis RAM Summary
  9. General Register Statistics
 10. Source assignments for SPK0:inst2|CNT11B:inst|lpm_counter:lpm_counter_component
 11. Source assignments for PROM:inst6|RAM:inst8|altsyncram:altsyncram_component|altsyncram_0tg1:auto_generated
 12. Source assignments for PROM:inst6|CNT8B:inst7|lpm_counter:lpm_counter_component
 13. Parameter Settings for User Entity Instance: SPK0:inst2|CNT11B:inst|lpm_counter:lpm_counter_component
 14. Parameter Settings for User Entity Instance: PLL:inst13|altpll:altpll_component
 15. Parameter Settings for User Entity Instance: PROM:inst6|RAM:inst8|altsyncram:altsyncram_component
 16. Parameter Settings for User Entity Instance: PROM:inst6|CNT8B:inst7|lpm_counter:lpm_counter_component
 17. altpll Parameter Settings by Entity Instance
 18. altsyncram Parameter Settings by Entity Instance
 19. Analysis & Synthesis Messages



----------------
; Legal Notice ;
----------------
Copyright (C) 1991-2010 Altera Corporation
Your use of Altera Corporation's design tools, logic functions 
and other software and tools, and its AMPP partner logic 
functions, and any output files from any of the foregoing 
(including device programming or simulation files), and any 
associated documentation or information are expressly subject 
to the terms and conditions of the Altera Program License 
Subscription Agreement, Altera MegaCore Function License 
Agreement, or other applicable license agreement, including, 
without limitation, that your use is for the sole purpose of 
programming logic devices manufactured by Altera and sold by 
Altera or its authorized distributors.  Please refer to the 
applicable agreement for further details.



+-----------------------------------------------------------------------------------+
; Analysis & Synthesis Summary                                                      ;
+------------------------------------+----------------------------------------------+
; Analysis & Synthesis Status        ; Successful - Fri Jun 02 17:01:18 2017        ;
; Quartus II Version                 ; 9.1 Build 304 01/25/2010 SP 1 SJ Web Edition ;
; Revision Name                      ; music                                        ;
; Top-level Entity Name              ; music                                        ;
; Family                             ; Cyclone III                                  ;
; Total logic elements               ; 61                                           ;
;     Total combinational functions  ; 61                                           ;
;     Dedicated logic registers      ; 21                                           ;
; Total registers                    ; 21                                           ;
; Total pins                         ; 28                                           ;
; Total virtual pins                 ; 0                                            ;
; Total memory bits                  ; 1,024                                        ;
; Embedded Multiplier 9-bit elements ; 0                                            ;
; Total PLLs                         ; 1                                            ;
+------------------------------------+----------------------------------------------+


+----------------------------------------------------------------------------------------------------------------------+
; Analysis & Synthesis Settings                                                                                        ;
+----------------------------------------------------------------------------+--------------------+--------------------+
; Option                                                                     ; Setting            ; Default Value      ;
+----------------------------------------------------------------------------+--------------------+--------------------+
; Device                                                                     ; EP3C10E144C8       ;                    ;
; Top-level entity name                                                      ; music              ; music              ;
; Family name                                                                ; Cyclone III        ; Stratix II         ;
; Use Generated Physical Constraints File                                    ; Off                ;                    ;
; Use smart compilation                                                      ; Off                ; Off                ;
; Enable parallel Assembler and TimeQuest Timing Analyzer during compilation ; On                 ; On                 ;
; Enable compact report table                                                ; Off                ; Off                ;
; Restructure Multiplexers                                                   ; Auto               ; Auto               ;
; Create Debugging Nodes for IP Cores                                        ; Off                ; Off                ;
; Preserve fewer node names                                                  ; On                 ; On                 ;
; Disable OpenCore Plus hardware evaluation                                  ; Off                ; Off                ;
; Verilog Version                                                            ; Verilog_2001       ; Verilog_2001       ;
; VHDL Version                                                               ; VHDL_1993          ; VHDL_1993          ;
; State Machine Processing                                                   ; Auto               ; Auto               ;
; Safe State Machine                                                         ; Off                ; Off                ;
; Extract Verilog State Machines                                             ; On                 ; On                 ;
; Extract VHDL State Machines                                                ; On                 ; On                 ;
; Ignore Verilog initial constructs                                          ; Off                ; Off                ;
; Iteration limit for constant Verilog loops                                 ; 5000               ; 5000               ;
; Iteration limit for non-constant Verilog loops                             ; 250                ; 250                ;
; Add Pass-Through Logic to Inferred RAMs                                    ; On                 ; On                 ;
; Parallel Synthesis                                                         ; On                 ; On                 ;
; DSP Block Balancing                                                        ; Auto               ; Auto               ;
; NOT Gate Push-Back                                                         ; On                 ; On                 ;
; Power-Up Don't Care                                                        ; On                 ; On                 ;
; Remove Redundant Logic Cells                                               ; Off                ; Off                ;
; Remove Duplicate Registers                                                 ; On                 ; On                 ;
; Ignore CARRY Buffers                                                       ; Off                ; Off                ;
; Ignore CASCADE Buffers                                                     ; Off                ; Off                ;
; Ignore GLOBAL Buffers                                                      ; Off                ; Off                ;
; Ignore ROW GLOBAL Buffers                                                  ; Off                ; Off                ;
; Ignore LCELL Buffers                                                       ; Off                ; Off                ;
; Ignore SOFT Buffers                                                        ; On                 ; On                 ;
; Limit AHDL Integers to 32 Bits                                             ; Off                ; Off                ;
; Optimization Technique                                                     ; Balanced           ; Balanced           ;
; Carry Chain Length                                                         ; 70                 ; 70                 ;
; Auto Carry Chains                                                          ; On                 ; On                 ;
; Auto Open-Drain Pins                                                       ; On                 ; On                 ;
; Perform WYSIWYG Primitive Resynthesis                                      ; Off                ; Off                ;
; Auto ROM Replacement                                                       ; On                 ; On                 ;
; Auto RAM Replacement                                                       ; On                 ; On                 ;
; Auto DSP Block Replacement                                                 ; On                 ; On                 ;
; Auto Shift Register Replacement                                            ; Auto               ; Auto               ;
; Auto Clock Enable Replacement                                              ; On                 ; On                 ;
; Strict RAM Replacement                                                     ; Off                ; Off                ;
; Allow Synchronous Control Signals                                          ; On                 ; On                 ;
; Force Use of Synchronous Clear Signals                                     ; Off                ; Off                ;
; Auto RAM Block Balancing                                                   ; On                 ; On                 ;
; Auto RAM to Logic Cell Conversion                                          ; Off                ; Off                ;
; Auto Resource Sharing                                                      ; Off                ; Off                ;
; Allow Any RAM Size For Recognition                                         ; Off                ; Off                ;
; Allow Any ROM Size For Recognition                                         ; Off                ; Off                ;
; Allow Any Shift Register Size For Recognition                              ; Off                ; Off                ;
; Use LogicLock Constraints during Resource Balancing                        ; On                 ; On                 ;
; Ignore translate_off and synthesis_off directives                          ; Off                ; Off                ;
; Timing-Driven Synthesis                                                    ; On                 ; On                 ;
; Show Parameter Settings Tables in Synthesis Report                         ; On                 ; On                 ;
; Ignore Maximum Fan-Out Assignments                                         ; Off                ; Off                ;
; Synchronization Register Chain Length                                      ; 2                  ; 2                  ;
; PowerPlay Power Optimization                                               ; Normal compilation ; Normal compilation ;
; HDL message level                                                          ; Level2             ; Level2             ;
; Suppress Register Optimization Related Messages                            ; Off                ; Off                ;
; Number of Removed Registers Reported in Synthesis Report                   ; 5000               ; 5000               ;
; Number of Inverted Registers Reported in Synthesis Report                  ; 100                ; 100                ;
; Clock MUX Protection                                                       ; On                 ; On                 ;
; Auto Gated Clock Conversion                                                ; Off                ; Off                ;
; Block Design Naming                                                        ; Auto               ; Auto               ;
; SDC constraint protection                                                  ; Off                ; Off                ;
; Synthesis Effort                                                           ; Auto               ; Auto               ;
; Shift Register Replacement - Allow Asynchronous Clear Signal               ; On                 ; On                 ;
; Analysis & Synthesis Message Level                                         ; Medium             ; Medium             ;
; Disable Register Merging Across Hierarchies                                ; Auto               ; Auto               ;
; Resource Aware Inference For Block RAM                                     ; On                 ; On                 ;
+----------------------------------------------------------------------------+--------------------+--------------------+


Parallel compilation was disabled, but you have multiple processors available. Enable parallel compilation to reduce compilation time.
+-------------------------------------+
; Parallel Compilation                ;
+----------------------------+--------+
; Processors                 ; Number ;
+----------------------------+--------+
; Number detected on machine ; 2      ;
; Maximum allowed            ; 1      ;
+----------------------------+--------+


+----------------------------------------------------------------------------------------------------------------------------------------------------------------+
; Analysis & Synthesis Source Files Read                                                                                                                         ;
+----------------------------------+-----------------+------------------------------------+----------------------------------------------------------------------+
; File Name with User-Entered Path ; Used in Netlist ; File Type                          ; File Name with Absolute Path                                         ;
+----------------------------------+-----------------+------------------------------------+----------------------------------------------------------------------+
; CODE3.v                          ; yes             ; User Verilog HDL File              ; D:/Quartus9.1/数电实验大作业/简易电子琴/music/CODE3.v                ;
; INX2CODE.v                       ; yes             ; User Verilog HDL File              ; D:/Quartus9.1/数电实验大作业/简易电子琴/music/INX2CODE.v             ;
; M_CODE.v                         ; yes             ; User Verilog HDL File              ; D:/Quartus9.1/数电实验大作业/简易电子琴/music/M_CODE.v               ;
; DCD7SG.v                         ; yes             ; User Verilog HDL File              ; D:/Quartus9.1/数电实验大作业/简易电子琴/music/DCD7SG.v               ;
; CNT11B.v                         ; yes             ; User Wizard-Generated File         ; D:/Quartus9.1/数电实验大作业/简易电子琴/music/CNT11B.v               ;
; SPK0.bdf                         ; yes             ; User Block Diagram/Schematic File  ; D:/Quartus9.1/数电实验大作业/简易电子琴/music/SPK0.bdf               ;
; music.bdf                        ; yes             ; User Block Diagram/Schematic File  ; D:/Quartus9.1/数电实验大作业/简易电子琴/music/music.bdf              ;
; PLL.v                            ; yes             ; User Wizard-Generated File         ; D:/Quartus9.1/数电实验大作业/简易电子琴/music/PLL.v                  ;
; SHUMA7SG.v                       ; yes             ; User Verilog HDL File              ; D:/Quartus9.1/数电实验大作业/简易电子琴/music/SHUMA7SG.v             ;
; CNT8B.v                          ; yes             ; User Wizard-Generated File         ; D:/Quartus9.1/数电实验大作业/简易电子琴/music/CNT8B.v                ;
; RAM.v                            ; yes             ; User Wizard-Generated File         ; D:/Quartus9.1/数电实验大作业/简易电子琴/music/RAM.v                  ;
; PROM.bdf                         ; yes             ; User Block Diagram/Schematic File  ; D:/Quartus9.1/数电实验大作业/简易电子琴/music/PROM.bdf               ;
; lpm_counter.tdf                  ; yes             ; Megafunction                       ; d:/quartus9.1/quartus/libraries/megafunctions/lpm_counter.tdf        ;
; db/cntr_n7j.tdf                  ; yes             ; Auto-Generated Megafunction        ; D:/Quartus9.1/数电实验大作业/简易电子琴/music/db/cntr_n7j.tdf        ;
; altpll.tdf                       ; yes             ; Megafunction                       ; d:/quartus9.1/quartus/libraries/megafunctions/altpll.tdf             ;
; db/pll_altpll1.v                 ; yes             ; Auto-Generated Megafunction        ; D:/Quartus9.1/数电实验大作业/简易电子琴/music/db/pll_altpll1.v       ;
; altsyncram.tdf                   ; yes             ; Megafunction                       ; d:/quartus9.1/quartus/libraries/megafunctions/altsyncram.tdf         ;
; db/altsyncram_0tg1.tdf           ; yes             ; Auto-Generated Megafunction        ; D:/Quartus9.1/数电实验大作业/简易电子琴/music/db/altsyncram_0tg1.tdf ;
; db/cntr_5ri.tdf                  ; yes             ; Auto-Generated Megafunction        ; D:/Quartus9.1/数电实验大作业/简易电子琴/music/db/cntr_5ri.tdf        ;
; 74244.bdf                        ; yes             ; Megafunction                       ; d:/quartus9.1/quartus/libraries/others/maxplus2/74244.bdf            ;
+----------------------------------+-----------------+------------------------------------+----------------------------------------------------------------------+


+------------------------------------------------------------------------------------------------------------------------------+
; Analysis & Synthesis Resource Usage Summary                                                                                  ;
+---------------------------------------------+--------------------------------------------------------------------------------+
; Resource                                    ; Usage                                                                          ;
+---------------------------------------------+--------------------------------------------------------------------------------+
; Estimated Total logic elements              ; 61                                                                             ;
;                                             ;                                                                                ;
; Total combinational functions               ; 61                                                                             ;
; Logic element usage by number of LUT inputs ;                                                                                ;
;     -- 4 input functions                    ; 20                                                                             ;
;     -- 3 input functions                    ; 18                                                                             ;
;     -- <=2 input functions                  ; 23                                                                             ;
;                                             ;                                                                                ;
; Logic elements by mode                      ;                                                                                ;
;     -- normal mode                          ; 43                                                                             ;
;     -- arithmetic mode                      ; 18                                                                             ;
;                                             ;                                                                                ;
; Total registers                             ; 21                                                                             ;
;     -- Dedicated logic registers            ; 21                                                                             ;
;     -- I/O registers                        ; 0                                                                              ;
;                                             ;                                                                                ;
; I/O pins                                    ; 28                                                                             ;
; Total memory bits                           ; 1024                                                                           ;
; Total PLLs                                  ; 1                                                                              ;
; Maximum fan-out node                        ; PLL:inst13|altpll:altpll_component|PLL_altpll1:auto_generated|wire_pll1_clk[0] ;
; Maximum fan-out                             ; 25                                                                             ;
; Total fan-out                               ; 356                                                                            ;
; Average fan-out                             ; 2.49                                                                           ;
+---------------------------------------------+--------------------------------------------------------------------------------+


+----------------------------------------------------------------------------------------------------------------------------------------------------------------------------------------------------------------------------------------------------------------------+
; Analysis & Synthesis Resource Utilization by Entity                                                                                                                                                                                                                  ;
+----------------------------------------------+-------------------+--------------+-------------+--------------+---------+-----------+------+--------------+--------------------------------------------------------------------------------------------+--------------+
; Compilation Hierarchy Node                   ; LC Combinationals ; LC Registers ; Memory Bits ; DSP Elements ; DSP 9x9 ; DSP 18x18 ; Pins ; Virtual Pins ; Full Hierarchy Name                                                                        ; Library Name ;
+----------------------------------------------+-------------------+--------------+-------------+--------------+---------+-----------+------+--------------+--------------------------------------------------------------------------------------------+--------------+
; |music                                       ; 61 (2)            ; 21 (1)       ; 1024        ; 0            ; 0       ; 0         ; 28   ; 0            ; |music                                                                                     ; work         ;
;    |CODE3:inst|                              ; 12 (12)           ; 0 (0)        ; 0           ; 0            ; 0       ; 0         ; 0    ; 0            ; |music|CODE3:inst                                                                          ;              ;
;    |DCD7SG:inst4|                            ; 13 (13)           ; 0 (0)        ; 0           ; 0            ; 0       ; 0         ; 0    ; 0            ; |music|DCD7SG:inst4                                                                        ;              ;
;    |INX2CODE:inst1|                          ; 11 (11)           ; 0 (0)        ; 0           ; 0            ; 0       ; 0         ; 0    ; 0            ; |music|INX2CODE:inst1                                                                      ;              ;
;    |M_CODE:inst3|                            ; 3 (3)             ; 0 (0)        ; 0           ; 0            ; 0       ; 0         ; 0    ; 0            ; |music|M_CODE:inst3                                                                        ;              ;
;    |PLL:inst13|                              ; 0 (0)             ; 0 (0)        ; 0           ; 0            ; 0       ; 0         ; 0    ; 0            ; |music|PLL:inst13                                                                          ;              ;
;       |altpll:altpll_component|              ; 0 (0)             ; 0 (0)        ; 0           ; 0            ; 0       ; 0         ; 0    ; 0            ; |music|PLL:inst13|altpll:altpll_component                                                  ;              ;
;          |PLL_altpll1:auto_generated|        ; 0 (0)             ; 0 (0)        ; 0           ; 0            ; 0       ; 0         ; 0    ; 0            ; |music|PLL:inst13|altpll:altpll_component|PLL_altpll1:auto_generated                       ;              ;
;    |PROM:inst6|                              ; 8 (0)             ; 8 (0)        ; 1024        ; 0            ; 0       ; 0         ; 0    ; 0            ; |music|PROM:inst6                                                                          ;              ;
;       |CNT8B:inst7|                          ; 8 (0)             ; 8 (0)        ; 0           ; 0            ; 0       ; 0         ; 0    ; 0            ; |music|PROM:inst6|CNT8B:inst7                                                              ;              ;
;          |lpm_counter:lpm_counter_component| ; 8 (0)             ; 8 (0)        ; 0           ; 0            ; 0       ; 0         ; 0    ; 0            ; |music|PROM:inst6|CNT8B:inst7|lpm_counter:lpm_counter_component                            ;              ;
;             |cntr_5ri:auto_generated|        ; 8 (8)             ; 8 (8)        ; 0           ; 0            ; 0       ; 0         ; 0    ; 0            ; |music|PROM:inst6|CNT8B:inst7|lpm_counter:lpm_counter_component|cntr_5ri:auto_generated    ;              ;
;       |RAM:inst8|                            ; 0 (0)             ; 0 (0)        ; 1024        ; 0            ; 0       ; 0         ; 0    ; 0            ; |music|PROM:inst6|RAM:inst8                                                                ;              ;
;          |altsyncram:altsyncram_component|   ; 0 (0)             ; 0 (0)        ; 1024        ; 0            ; 0       ; 0         ; 0    ; 0            ; |music|PROM:inst6|RAM:inst8|altsyncram:altsyncram_component                                ;              ;
;             |altsyncram_0tg1:auto_generated| ; 0 (0)             ; 0 (0)        ; 1024        ; 0            ; 0       ; 0         ; 0    ; 0            ; |music|PROM:inst6|RAM:inst8|altsyncram:altsyncram_component|altsyncram_0tg1:auto_generated ;              ;
;    |SPK0:inst2|                              ; 12 (0)            ; 12 (1)       ; 0           ; 0            ; 0       ; 0         ; 0    ; 0            ; |music|SPK0:inst2                                                                          ;              ;
;       |CNT11B:inst|                          ; 12 (0)            ; 11 (0)       ; 0           ; 0            ; 0       ; 0         ; 0    ; 0            ; |music|SPK0:inst2|CNT11B:inst                                                              ;              ;
;          |lpm_counter:lpm_counter_component| ; 12 (0)            ; 11 (0)       ; 0           ; 0            ; 0       ; 0         ; 0    ; 0            ; |music|SPK0:inst2|CNT11B:inst|lpm_counter:lpm_counter_component                            ;              ;
;             |cntr_n7j:auto_generated|        ; 12 (12)           ; 11 (11)      ; 0           ; 0            ; 0       ; 0         ; 0    ; 0            ; |music|SPK0:inst2|CNT11B:inst|lpm_counter:lpm_counter_component|cntr_n7j:auto_generated    ;              ;
+----------------------------------------------+-------------------+--------------+-------------+--------------+---------+-----------+------+--------------+--------------------------------------------------------------------------------------------+--------------+
Note: For table entries with two numbers listed, the numbers in parentheses indicate the number of resources of the given type used by the specific entity alone. The numbers listed outside of parentheses indicate the total resources of the given type used by the specific entity and all of its sub-entities in the hierarchy.


+-----------------------------------------------------------------------------------------------------------------------------------------------------------------------------------------------+
; Analysis & Synthesis RAM Summary                                                                                                                                                              ;
+------------------------------------------------------------------------------------------------+------+-------------+--------------+--------------+--------------+--------------+------+------+
; Name                                                                                           ; Type ; Mode        ; Port A Depth ; Port A Width ; Port B Depth ; Port B Width ; Size ; MIF  ;
+------------------------------------------------------------------------------------------------+------+-------------+--------------+--------------+--------------+--------------+------+------+
; PROM:inst6|RAM:inst8|altsyncram:altsyncram_component|altsyncram_0tg1:auto_generated|ALTSYNCRAM ; AUTO ; Single Port ; 256          ; 4            ; --           ; --           ; 1024 ; None ;
+------------------------------------------------------------------------------------------------+------+-------------+--------------+--------------+--------------+--------------+------+------+


+------------------------------------------------------+
; General Register Statistics                          ;
+----------------------------------------------+-------+
; Statistic                                    ; Value ;
+----------------------------------------------+-------+
; Total registers                              ; 21    ;
; Number of registers using Synchronous Clear  ; 0     ;
; Number of registers using Synchronous Load   ; 19    ;
; Number of registers using Asynchronous Clear ; 0     ;
; Number of registers using Asynchronous Load  ; 0     ;
; Number of registers using Clock Enable       ; 8     ;
; Number of registers using Preset             ; 0     ;
+----------------------------------------------+-------+


+---------------------------------------------------------------------------------+
; Source assignments for SPK0:inst2|CNT11B:inst|lpm_counter:lpm_counter_component ;
+---------------------------+-------+------+--------------------------------------+
; Assignment                ; Value ; From ; To                                   ;
+---------------------------+-------+------+--------------------------------------+
; SUPPRESS_DA_RULE_INTERNAL ; a101  ; -    ; -                                    ;
; SUPPRESS_DA_RULE_INTERNAL ; s102  ; -    ; -                                    ;
; SUPPRESS_DA_RULE_INTERNAL ; s103  ; -    ; -                                    ;
+---------------------------+-------+------+--------------------------------------+


+------------------------------------------------------------------------------------------------------------+
; Source assignments for PROM:inst6|RAM:inst8|altsyncram:altsyncram_component|altsyncram_0tg1:auto_generated ;
+---------------------------------+--------------------+------+----------------------------------------------+
; Assignment                      ; Value              ; From ; To                                           ;
+---------------------------------+--------------------+------+----------------------------------------------+
; OPTIMIZE_POWER_DURING_SYNTHESIS ; NORMAL_COMPILATION ; -    ; -                                            ;
+---------------------------------+--------------------+------+----------------------------------------------+


+---------------------------------------------------------------------------------+
; Source assignments for PROM:inst6|CNT8B:inst7|lpm_counter:lpm_counter_component ;
+---------------------------+-------+------+--------------------------------------+
; Assignment                ; Value ; From ; To                                   ;
+---------------------------+-------+------+--------------------------------------+
; SUPPRESS_DA_RULE_INTERNAL ; a101  ; -    ; -                                    ;
; SUPPRESS_DA_RULE_INTERNAL ; s102  ; -    ; -                                    ;
; SUPPRESS_DA_RULE_INTERNAL ; s103  ; -    ; -                                    ;
+---------------------------+-------+------+--------------------------------------+


+-------------------------------------------------------------------------------------------------------+
; Parameter Settings for User Entity Instance: SPK0:inst2|CNT11B:inst|lpm_counter:lpm_counter_component ;
+------------------------+-------------+----------------------------------------------------------------+
; Parameter Name         ; Value       ; Type                                                           ;
+------------------------+-------------+----------------------------------------------------------------+
; AUTO_CARRY_CHAINS      ; ON          ; AUTO_CARRY                                                     ;
; IGNORE_CARRY_BUFFERS   ; OFF         ; IGNORE_CARRY                                                   ;
; AUTO_CASCADE_CHAINS    ; ON          ; AUTO_CASCADE                                                   ;
; IGNORE_CASCADE_BUFFERS ; OFF         ; IGNORE_CASCADE                                                 ;
; LPM_WIDTH              ; 11          ; Signed Integer                                                 ;
; LPM_DIRECTION          ; UP          ; Untyped                                                        ;
; LPM_MODULUS            ; 0           ; Untyped                                                        ;
; LPM_AVALUE             ; UNUSED      ; Untyped                                                        ;
; LPM_SVALUE             ; UNUSED      ; Untyped                                                        ;
; LPM_PORT_UPDOWN        ; PORT_UNUSED ; Untyped                                                        ;
; DEVICE_FAMILY          ; Cyclone III ; Untyped                                                        ;
; CARRY_CHAIN            ; MANUAL      ; Untyped                                                        ;
; CARRY_CHAIN_LENGTH     ; 48          ; CARRY_CHAIN_LENGTH                                             ;
; NOT_GATE_PUSH_BACK     ; ON          ; NOT_GATE_PUSH_BACK                                             ;
; CARRY_CNT_EN           ; SMART       ; Untyped                                                        ;
; LABWIDE_SCLR           ; ON          ; Untyped                                                        ;
; USE_NEW_VERSION        ; TRUE        ; Untyped                                                        ;
; CBXI_PARAMETER         ; cntr_n7j    ; Untyped                                                        ;
+------------------------+-------------+----------------------------------------------------------------+
Note: In order to hide this table in the UI and the text report file, please set the "Show Parameter Settings Tables in Synthesis Report" option in "Analysis and Synthesis Settings -> More Settings" to "Off".


+---------------------------------------------------------------------------------+
; Parameter Settings for User Entity Instance: PLL:inst13|altpll:altpll_component ;
+-------------------------------+-------------------+-----------------------------+
; Parameter Name                ; Value             ; Type                        ;
+-------------------------------+-------------------+-----------------------------+
; OPERATION_MODE                ; NORMAL            ; Untyped                     ;
; PLL_TYPE                      ; AUTO              ; Untyped                     ;
; QUALIFY_CONF_DONE             ; OFF               ; Untyped                     ;
; COMPENSATE_CLOCK              ; CLK0              ; Untyped                     ;
; SCAN_CHAIN                    ; LONG              ; Untyped                     ;
; PRIMARY_CLOCK                 ; INCLK0            ; Untyped                     ;
; INCLK0_INPUT_FREQUENCY        ; 50000             ; Signed Integer              ;
; INCLK1_INPUT_FREQUENCY        ; 0                 ; Untyped                     ;
; GATE_LOCK_SIGNAL              ; NO                ; Untyped                     ;
; GATE_LOCK_COUNTER             ; 0                 ; Untyped                     ;
; LOCK_HIGH                     ; 1                 ; Untyped                     ;
; LOCK_LOW                      ; 1                 ; Untyped                     ;
; VALID_LOCK_MULTIPLIER         ; 1                 ; Untyped                     ;
; INVALID_LOCK_MULTIPLIER       ; 5                 ; Untyped                     ;
; SWITCH_OVER_ON_LOSSCLK        ; OFF               ; Untyped                     ;
; SWITCH_OVER_ON_GATED_LOCK     ; OFF               ; Untyped                     ;
; ENABLE_SWITCH_OVER_COUNTER    ; OFF               ; Untyped                     ;
; SKIP_VCO                      ; OFF               ; Untyped                     ;
; SWITCH_OVER_COUNTER           ; 0                 ; Untyped                     ;
; SWITCH_OVER_TYPE              ; AUTO              ; Untyped                     ;
; FEEDBACK_SOURCE               ; EXTCLK0           ; Untyped                     ;
; BANDWIDTH                     ; 0                 ; Untyped                     ;
; BANDWIDTH_TYPE                ; AUTO              ; Untyped                     ;
; SPREAD_FREQUENCY              ; 0                 ; Untyped                     ;
; DOWN_SPREAD                   ; 0                 ; Untyped                     ;
; SELF_RESET_ON_GATED_LOSS_LOCK ; OFF               ; Untyped                     ;
; SELF_RESET_ON_LOSS_LOCK       ; OFF               ; Untyped                     ;
; CLK9_MULTIPLY_BY              ; 0                 ; Untyped                     ;
; CLK8_MULTIPLY_BY              ; 0                 ; Untyped                     ;
; CLK7_MULTIPLY_BY              ; 0                 ; Untyped                     ;
; CLK6_MULTIPLY_BY              ; 0                 ; Untyped                     ;
; CLK5_MULTIPLY_BY              ; 1                 ; Untyped                     ;
; CLK4_MULTIPLY_BY              ; 1                 ; Untyped                     ;
; CLK3_MULTIPLY_BY              ; 1                 ; Untyped                     ;
; CLK2_MULTIPLY_BY              ; 1                 ; Untyped                     ;
; CLK1_MULTIPLY_BY              ; 1                 ; Untyped                     ;
; CLK0_MULTIPLY_BY              ; 1                 ; Signed Integer              ;
; CLK9_DIVIDE_BY                ; 0                 ; Untyped                     ;
; CLK8_DIVIDE_BY                ; 0                 ; Untyped                     ;
; CLK7_DIVIDE_BY                ; 0                 ; Untyped                     ;
; CLK6_DIVIDE_BY                ; 0                 ; Untyped                     ;
; CLK5_DIVIDE_BY                ; 1                 ; Untyped                     ;
; CLK4_DIVIDE_BY                ; 1                 ; Untyped                     ;
; CLK3_DIVIDE_BY                ; 1                 ; Untyped                     ;
; CLK2_DIVIDE_BY                ; 1                 ; Untyped                     ;
; CLK1_DIVIDE_BY                ; 1                 ; Untyped                     ;
; CLK0_DIVIDE_BY                ; 20                ; Signed Integer              ;
; CLK9_PHASE_SHIFT              ; 0                 ; Untyped                     ;
; CLK8_PHASE_SHIFT              ; 0                 ; Untyped                     ;
; CLK7_PHASE_SHIFT              ; 0                 ; Untyped                     ;
; CLK6_PHASE_SHIFT              ; 0                 ; Untyped                     ;
; CLK5_PHASE_SHIFT              ; 0                 ; Untyped                     ;
; CLK4_PHASE_SHIFT              ; 0                 ; Untyped                     ;
; CLK3_PHASE_SHIFT              ; 0                 ; Untyped                     ;
; CLK2_PHASE_SHIFT              ; 0                 ; Untyped                     ;
; CLK1_PHASE_SHIFT              ; 0                 ; Untyped                     ;
; CLK0_PHASE_SHIFT              ; 0                 ; Untyped                     ;
; CLK5_TIME_DELAY               ; 0                 ; Untyped                     ;
; CLK4_TIME_DELAY               ; 0                 ; Untyped                     ;
; CLK3_TIME_DELAY               ; 0                 ; Untyped                     ;
; CLK2_TIME_DELAY               ; 0                 ; Untyped                     ;
; CLK1_TIME_DELAY               ; 0                 ; Untyped                     ;
; CLK0_TIME_DELAY               ; 0                 ; Untyped                     ;
; CLK9_DUTY_CYCLE               ; 50                ; Untyped                     ;
; CLK8_DUTY_CYCLE               ; 50                ; Untyped                     ;
; CLK7_DUTY_CYCLE               ; 50                ; Untyped                     ;
; CLK6_DUTY_CYCLE               ; 50                ; Untyped                     ;
; CLK5_DUTY_CYCLE               ; 50                ; Untyped                     ;
; CLK4_DUTY_CYCLE               ; 50                ; Untyped                     ;
; CLK3_DUTY_CYCLE               ; 50                ; Untyped                     ;
; CLK2_DUTY_CYCLE               ; 50                ; Untyped                     ;
; CLK1_DUTY_CYCLE               ; 50                ; Untyped                     ;
; CLK0_DUTY_CYCLE               ; 50                ; Signed Integer              ;
; CLK9_USE_EVEN_COUNTER_MODE    ; OFF               ; Untyped                     ;
; CLK8_USE_EVEN_COUNTER_MODE    ; OFF               ; Untyped                     ;
; CLK7_USE_EVEN_COUNTER_MODE    ; OFF               ; Untyped                     ;
; CLK6_USE_EVEN_COUNTER_MODE    ; OFF               ; Untyped                     ;
; CLK5_USE_EVEN_COUNTER_MODE    ; OFF               ; Untyped                     ;
; CLK4_USE_EVEN_COUNTER_MODE    ; OFF               ; Untyped                     ;
; CLK3_USE_EVEN_COUNTER_MODE    ; OFF               ; Untyped                     ;
; CLK2_USE_EVEN_COUNTER_MODE    ; OFF               ; Untyped                     ;
; CLK1_USE_EVEN_COUNTER_MODE    ; OFF               ; Untyped                     ;
; CLK0_USE_EVEN_COUNTER_MODE    ; OFF               ; Untyped                     ;
; CLK9_USE_EVEN_COUNTER_VALUE   ; OFF               ; Untyped                     ;
; CLK8_USE_EVEN_COUNTER_VALUE   ; OFF               ; Untyped                     ;
; CLK7_USE_EVEN_COUNTER_VALUE   ; OFF               ; Untyped                     ;
; CLK6_USE_EVEN_COUNTER_VALUE   ; OFF               ; Untyped                     ;
; CLK5_USE_EVEN_COUNTER_VALUE   ; OFF               ; Untyped                     ;
; CLK4_USE_EVEN_COUNTER_VALUE   ; OFF               ; Untyped                     ;
; CLK3_USE_EVEN_COUNTER_VALUE   ; OFF               ; Untyped                     ;
; CLK2_USE_EVEN_COUNTER_VALUE   ; OFF               ; Untyped                     ;
; CLK1_USE_EVEN_COUNTER_VALUE   ; OFF               ; Untyped                     ;
; CLK0_USE_EVEN_COUNTER_VALUE   ; OFF               ; Untyped                     ;
; LOCK_WINDOW_UI                ;  0.05             ; Untyped                     ;
; LOCK_WINDOW_UI_BITS           ; UNUSED            ; Untyped                     ;
; VCO_RANGE_DETECTOR_LOW_BITS   ; UNUSED            ; Untyped                     ;
; VCO_RANGE_DETECTOR_HIGH_BITS  ; UNUSED            ; Untyped                     ;
; DPA_MULTIPLY_BY               ; 0                 ; Untyped                     ;
; DPA_DIVIDE_BY                 ; 1                 ; Untyped                     ;
; DPA_DIVIDER                   ; 0                 ; Untyped                     ;
; EXTCLK3_MULTIPLY_BY           ; 1                 ; Untyped                     ;
; EXTCLK2_MULTIPLY_BY           ; 1                 ; Untyped                     ;
; EXTCLK1_MULTIPLY_BY           ; 1                 ; Untyped                     ;
; EXTCLK0_MULTIPLY_BY           ; 1                 ; Untyped                     ;
; EXTCLK3_DIVIDE_BY             ; 1                 ; Untyped                     ;
; EXTCLK2_DIVIDE_BY             ; 1                 ; Untyped                     ;
; EXTCLK1_DIVIDE_BY             ; 1                 ; Untyped                     ;
; EXTCLK0_DIVIDE_BY             ; 1                 ; Untyped                     ;
; EXTCLK3_PHASE_SHIFT           ; 0                 ; Untyped                     ;
; EXTCLK2_PHASE_SHIFT           ; 0                 ; Untyped                     ;
; EXTCLK1_PHASE_SHIFT           ; 0                 ; Untyped                     ;
; EXTCLK0_PHASE_SHIFT           ; 0                 ; Untyped                     ;
; EXTCLK3_TIME_DELAY            ; 0                 ; Untyped                     ;
; EXTCLK2_TIME_DELAY            ; 0                 ; Untyped                     ;
; EXTCLK1_TIME_DELAY            ; 0                 ; Untyped                     ;
; EXTCLK0_TIME_DELAY            ; 0                 ; Untyped                     ;
; EXTCLK3_DUTY_CYCLE            ; 50                ; Untyped                     ;
; EXTCLK2_DUTY_CYCLE            ; 50                ; Untyped                     ;
; EXTCLK1_DUTY_CYCLE            ; 50                ; Untyped                     ;
; EXTCLK0_DUTY_CYCLE            ; 50                ; Untyped                     ;
; VCO_MULTIPLY_BY               ; 0                 ; Untyped                     ;
; VCO_DIVIDE_BY                 ; 0                 ; Untyped                     ;
; SCLKOUT0_PHASE_SHIFT          ; 0                 ; Untyped                     ;
; SCLKOUT1_PHASE_SHIFT          ; 0                 ; Untyped                     ;
; VCO_MIN                       ; 0                 ; Untyped                     ;
; VCO_MAX                       ; 0                 ; Untyped                     ;
; VCO_CENTER                    ; 0                 ; Untyped                     ;
; PFD_MIN                       ; 0                 ; Untyped                     ;
; PFD_MAX                       ; 0                 ; Untyped                     ;
; M_INITIAL                     ; 0                 ; Untyped                     ;
; M                             ; 0                 ; Untyped                     ;
; N                             ; 1                 ; Untyped                     ;
; M2                            ; 1                 ; Untyped                     ;
; N2                            ; 1                 ; Untyped                     ;
; SS                            ; 1                 ; Untyped                     ;
; C0_HIGH                       ; 0                 ; Untyped                     ;
; C1_HIGH                       ; 0                 ; Untyped                     ;
; C2_HIGH                       ; 0                 ; Untyped                     ;
; C3_HIGH                       ; 0                 ; Untyped                     ;
; C4_HIGH                       ; 0                 ; Untyped                     ;
; C5_HIGH                       ; 0                 ; Untyped                     ;
; C6_HIGH                       ; 0                 ; Untyped                     ;
; C7_HIGH                       ; 0                 ; Untyped                     ;
; C8_HIGH                       ; 0                 ; Untyped                     ;
; C9_HIGH                       ; 0                 ; Untyped                     ;
; C0_LOW                        ; 0                 ; Untyped                     ;
; C1_LOW                        ; 0                 ; Untyped                     ;
; C2_LOW                        ; 0                 ; Untyped                     ;
; C3_LOW                        ; 0                 ; Untyped                     ;
; C4_LOW                        ; 0                 ; Untyped                     ;
; C5_LOW                        ; 0                 ; Untyped                     ;
; C6_LOW                        ; 0                 ; Untyped                     ;
; C7_LOW                        ; 0                 ; Untyped                     ;
; C8_LOW                        ; 0                 ; Untyped                     ;
; C9_LOW                        ; 0                 ; Untyped                     ;
; C0_INITIAL                    ; 0                 ; Untyped                     ;
; C1_INITIAL                    ; 0                 ; Untyped                     ;
; C2_INITIAL                    ; 0                 ; Untyped                     ;
; C3_INITIAL                    ; 0                 ; Untyped                     ;
; C4_INITIAL                    ; 0                 ; Untyped                     ;
; C5_INITIAL                    ; 0                 ; Untyped                     ;
; C6_INITIAL                    ; 0                 ; Untyped                     ;
; C7_INITIAL                    ; 0                 ; Untyped                     ;
; C8_INITIAL                    ; 0                 ; Untyped                     ;
; C9_INITIAL                    ; 0                 ; Untyped                     ;
; C0_MODE                       ; BYPASS            ; Untyped                     ;
; C1_MODE                       ; BYPASS            ; Untyped                     ;
; C2_MODE                       ; BYPASS            ; Untyped                     ;
; C3_MODE                       ; BYPASS            ; Untyped                     ;
; C4_MODE                       ; BYPASS            ; Untyped                     ;
; C5_MODE                       ; BYPASS            ; Untyped                     ;
; C6_MODE                       ; BYPASS            ; Untyped                     ;
; C7_MODE                       ; BYPASS            ; Untyped                     ;
; C8_MODE                       ; BYPASS            ; Untyped                     ;
; C9_MODE                       ; BYPASS            ; Untyped                     ;
; C0_PH                         ; 0                 ; Untyped                     ;
; C1_PH                         ; 0                 ; Untyped                     ;
; C2_PH                         ; 0                 ; Untyped                     ;
; C3_PH                         ; 0                 ; Untyped                     ;
; C4_PH                         ; 0                 ; Untyped                     ;
; C5_PH                         ; 0                 ; Untyped                     ;
; C6_PH                         ; 0                 ; Untyped                     ;
; C7_PH                         ; 0                 ; Untyped                     ;
; C8_PH                         ; 0                 ; Untyped                     ;
; C9_PH                         ; 0                 ; Untyped                     ;
; L0_HIGH                       ; 1                 ; Untyped                     ;
; L1_HIGH                       ; 1                 ; Untyped                     ;
; G0_HIGH                       ; 1                 ; Untyped                     ;
; G1_HIGH                       ; 1                 ; Untyped                     ;
; G2_HIGH                       ; 1                 ; Untyped                     ;
; G3_HIGH                       ; 1                 ; Untyped                     ;
; E0_HIGH                       ; 1                 ; Untyped                     ;
; E1_HIGH                       ; 1                 ; Untyped                     ;
; E2_HIGH                       ; 1                 ; Untyped                     ;
; E3_HIGH                       ; 1                 ; Untyped                     ;
; L0_LOW                        ; 1                 ; Untyped                     ;
; L1_LOW                        ; 1                 ; Untyped                     ;
; G0_LOW                        ; 1                 ; Untyped                     ;
; G1_LOW                        ; 1                 ; Untyped                     ;
; G2_LOW                        ; 1                 ; Untyped                     ;
; G3_LOW                        ; 1                 ; Untyped                     ;
; E0_LOW                        ; 1                 ; Untyped                     ;
; E1_LOW                        ; 1                 ; Untyped                     ;
; E2_LOW                        ; 1                 ; Untyped                     ;
; E3_LOW                        ; 1                 ; Untyped                     ;
; L0_INITIAL                    ; 1                 ; Untyped                     ;
; L1_INITIAL                    ; 1                 ; Untyped                     ;
; G0_INITIAL                    ; 1                 ; Untyped                     ;
; G1_INITIAL                    ; 1                 ; Untyped                     ;
; G2_INITIAL                    ; 1                 ; Untyped                     ;
; G3_INITIAL                    ; 1                 ; Untyped                     ;
; E0_INITIAL                    ; 1                 ; Untyped                     ;
; E1_INITIAL                    ; 1                 ; Untyped                     ;
; E2_INITIAL                    ; 1                 ; Untyped                     ;
; E3_INITIAL                    ; 1                 ; Untyped                     ;
; L0_MODE                       ; BYPASS            ; Untyped                     ;
; L1_MODE                       ; BYPASS            ; Untyped                     ;
; G0_MODE                       ; BYPASS            ; Untyped                     ;
; G1_MODE                       ; BYPASS            ; Untyped                     ;
; G2_MODE                       ; BYPASS            ; Untyped                     ;
; G3_MODE                       ; BYPASS            ; Untyped                     ;
; E0_MODE                       ; BYPASS            ; Untyped                     ;
; E1_MODE                       ; BYPASS            ; Untyped                     ;
; E2_MODE                       ; BYPASS            ; Untyped                     ;
; E3_MODE                       ; BYPASS            ; Untyped                     ;
; L0_PH                         ; 0                 ; Untyped                     ;
; L1_PH                         ; 0                 ; Untyped                     ;
; G0_PH                         ; 0                 ; Untyped                     ;
; G1_PH                         ; 0                 ; Untyped                     ;
; G2_PH                         ; 0                 ; Untyped                     ;
; G3_PH                         ; 0                 ; Untyped                     ;
; E0_PH                         ; 0                 ; Untyped                     ;
; E1_PH                         ; 0                 ; Untyped                     ;
; E2_PH                         ; 0                 ; Untyped                     ;
; E3_PH                         ; 0                 ; Untyped                     ;
; M_PH                          ; 0                 ; Untyped                     ;
; C1_USE_CASC_IN                ; OFF               ; Untyped                     ;
; C2_USE_CASC_IN                ; OFF               ; Untyped                     ;
; C3_USE_CASC_IN                ; OFF               ; Untyped                     ;
; C4_USE_CASC_IN                ; OFF               ; Untyped                     ;
; C5_USE_CASC_IN                ; OFF               ; Untyped                     ;
; C6_USE_CASC_IN                ; OFF               ; Untyped                     ;
; C7_USE_CASC_IN                ; OFF               ; Untyped                     ;
; C8_USE_CASC_IN                ; OFF               ; Untyped                     ;
; C9_USE_CASC_IN                ; OFF               ; Untyped                     ;
; CLK0_COUNTER                  ; G0                ; Untyped                     ;
; CLK1_COUNTER                  ; G0                ; Untyped                     ;
; CLK2_COUNTER                  ; G0                ; Untyped                     ;
; CLK3_COUNTER                  ; G0                ; Untyped                     ;
; CLK4_COUNTER                  ; G0                ; Untyped                     ;
; CLK5_COUNTER                  ; G0                ; Untyped                     ;
; CLK6_COUNTER                  ; E0                ; Untyped                     ;
; CLK7_COUNTER                  ; E1                ; Untyped                     ;
; CLK8_COUNTER                  ; E2                ; Untyped                     ;
; CLK9_COUNTER                  ; E3                ; Untyped                     ;
; L0_TIME_DELAY                 ; 0                 ; Untyped                     ;
; L1_TIME_DELAY                 ; 0                 ; Untyped                     ;
; G0_TIME_DELAY                 ; 0                 ; Untyped                     ;
; G1_TIME_DELAY                 ; 0                 ; Untyped                     ;
; G2_TIME_DELAY                 ; 0                 ; Untyped                     ;
; G3_TIME_DELAY                 ; 0                 ; Untyped                     ;
; E0_TIME_DELAY                 ; 0                 ; Untyped                     ;
; E1_TIME_DELAY                 ; 0                 ; Untyped                     ;
; E2_TIME_DELAY                 ; 0                 ; Untyped                     ;
; E3_TIME_DELAY                 ; 0                 ; Untyped                     ;
; M_TIME_DELAY                  ; 0                 ; Untyped                     ;
; N_TIME_DELAY                  ; 0                 ; Untyped                     ;
; EXTCLK3_COUNTER               ; E3                ; Untyped                     ;
; EXTCLK2_COUNTER               ; E2                ; Untyped                     ;
; EXTCLK1_COUNTER               ; E1                ; Untyped                     ;
; EXTCLK0_COUNTER               ; E0                ; Untyped                     ;
; ENABLE0_COUNTER               ; L0                ; Untyped                     ;
; ENABLE1_COUNTER               ; L0                ; Untyped                     ;
; CHARGE_PUMP_CURRENT           ; 2                 ; Untyped                     ;
; LOOP_FILTER_R                 ;  1.000000         ; Untyped                     ;
; LOOP_FILTER_C                 ; 5                 ; Untyped                     ;
; CHARGE_PUMP_CURRENT_BITS      ; 9999              ; Untyped                     ;
; LOOP_FILTER_R_BITS            ; 9999              ; Untyped                     ;
; LOOP_FILTER_C_BITS            ; 9999              ; Untyped                     ;
; VCO_POST_SCALE                ; 0                 ; Untyped                     ;
; CLK2_OUTPUT_FREQUENCY         ; 0                 ; Untyped                     ;
; CLK1_OUTPUT_FREQUENCY         ; 0                 ; Untyped                     ;
; CLK0_OUTPUT_FREQUENCY         ; 0                 ; Untyped                     ;
; INTENDED_DEVICE_FAMILY        ; Cyclone III       ; Untyped                     ;
; PORT_CLKENA0                  ; PORT_UNUSED       ; Untyped                     ;
; PORT_CLKENA1                  ; PORT_UNUSED       ; Untyped                     ;
; PORT_CLKENA2                  ; PORT_UNUSED       ; Untyped                     ;
; PORT_CLKENA3                  ; PORT_UNUSED       ; Untyped                     ;
; PORT_CLKENA4                  ; PORT_UNUSED       ; Untyped                     ;
; PORT_CLKENA5                  ; PORT_UNUSED       ; Untyped                     ;
; PORT_EXTCLKENA0               ; PORT_CONNECTIVITY ; Untyped                     ;
; PORT_EXTCLKENA1               ; PORT_CONNECTIVITY ; Untyped                     ;
; PORT_EXTCLKENA2               ; PORT_CONNECTIVITY ; Untyped                     ;
; PORT_EXTCLKENA3               ; PORT_CONNECTIVITY ; Untyped                     ;
; PORT_EXTCLK0                  ; PORT_UNUSED       ; Untyped                     ;
; PORT_EXTCLK1                  ; PORT_UNUSED       ; Untyped                     ;
; PORT_EXTCLK2                  ; PORT_UNUSED       ; Untyped                     ;
; PORT_EXTCLK3                  ; PORT_UNUSED       ; Untyped                     ;
; PORT_CLKBAD0                  ; PORT_UNUSED       ; Untyped                     ;
; PORT_CLKBAD1                  ; PORT_UNUSED       ; Untyped                     ;
; PORT_CLK0                     ; PORT_USED         ; Untyped                     ;
; PORT_CLK1                     ; PORT_UNUSED       ; Untyped                     ;
; PORT_CLK2                     ; PORT_UNUSED       ; Untyped                     ;
; PORT_CLK3                     ; PORT_UNUSED       ; Untyped                     ;
; PORT_CLK4                     ; PORT_UNUSED       ; Untyped                     ;
; PORT_CLK5                     ; PORT_UNUSED       ; Untyped                     ;
; PORT_CLK6                     ; PORT_UNUSED       ; Untyped                     ;
; PORT_CLK7                     ; PORT_UNUSED       ; Untyped                     ;
; PORT_CLK8                     ; PORT_UNUSED       ; Untyped                     ;
; PORT_CLK9                     ; PORT_UNUSED       ; Untyped                     ;
; PORT_SCANDATA                 ; PORT_UNUSED       ; Untyped                     ;
; PORT_SCANDATAOUT              ; PORT_UNUSED       ; Untyped                     ;
; PORT_SCANDONE                 ; PORT_UNUSED       ; Untyped                     ;
; PORT_SCLKOUT1                 ; PORT_CONNECTIVITY ; Untyped                     ;
; PORT_SCLKOUT0                 ; PORT_CONNECTIVITY ; Untyped                     ;
; PORT_ACTIVECLOCK              ; PORT_UNUSED       ; Untyped                     ;
; PORT_CLKLOSS                  ; PORT_UNUSED       ; Untyped                     ;
; PORT_INCLK1                   ; PORT_UNUSED       ; Untyped                     ;
; PORT_INCLK0                   ; PORT_USED         ; Untyped                     ;
; PORT_FBIN                     ; PORT_UNUSED       ; Untyped                     ;
; PORT_PLLENA                   ; PORT_UNUSED       ; Untyped                     ;
; PORT_CLKSWITCH                ; PORT_UNUSED       ; Untyped                     ;
; PORT_ARESET                   ; PORT_UNUSED       ; Untyped                     ;
; PORT_PFDENA                   ; PORT_UNUSED       ; Untyped                     ;
; PORT_SCANCLK                  ; PORT_UNUSED       ; Untyped                     ;
; PORT_SCANACLR                 ; PORT_UNUSED       ; Untyped                     ;
; PORT_SCANREAD                 ; PORT_UNUSED       ; Untyped                     ;
; PORT_SCANWRITE                ; PORT_UNUSED       ; Untyped                     ;
; PORT_ENABLE0                  ; PORT_CONNECTIVITY ; Untyped                     ;
; PORT_ENABLE1                  ; PORT_CONNECTIVITY ; Untyped                     ;
; PORT_LOCKED                   ; PORT_UNUSED       ; Untyped                     ;
; PORT_CONFIGUPDATE             ; PORT_UNUSED       ; Untyped                     ;
; PORT_FBOUT                    ; PORT_CONNECTIVITY ; Untyped                     ;
; PORT_PHASEDONE                ; PORT_UNUSED       ; Untyped                     ;
; PORT_PHASESTEP                ; PORT_UNUSED       ; Untyped                     ;
; PORT_PHASEUPDOWN              ; PORT_UNUSED       ; Untyped                     ;
; PORT_SCANCLKENA               ; PORT_UNUSED       ; Untyped                     ;
; PORT_PHASECOUNTERSELECT       ; PORT_UNUSED       ; Untyped                     ;
; PORT_VCOOVERRANGE             ; PORT_CONNECTIVITY ; Untyped                     ;
; PORT_VCOUNDERRANGE            ; PORT_CONNECTIVITY ; Untyped                     ;
; M_TEST_SOURCE                 ; 5                 ; Untyped                     ;
; C0_TEST_SOURCE                ; 5                 ; Untyped                     ;
; C1_TEST_SOURCE                ; 5                 ; Untyped                     ;
; C2_TEST_SOURCE                ; 5                 ; Untyped                     ;
; C3_TEST_SOURCE                ; 5                 ; Untyped                     ;
; C4_TEST_SOURCE                ; 5                 ; Untyped                     ;
; C5_TEST_SOURCE                ; 5                 ; Untyped                     ;
; C6_TEST_SOURCE                ; 5                 ; Untyped                     ;
; C7_TEST_SOURCE                ; 5                 ; Untyped                     ;
; C8_TEST_SOURCE                ; 5                 ; Untyped                     ;
; C9_TEST_SOURCE                ; 5                 ; Untyped                     ;
; CBXI_PARAMETER                ; PLL_altpll1       ; Untyped                     ;
; VCO_FREQUENCY_CONTROL         ; AUTO              ; Untyped                     ;
; VCO_PHASE_SHIFT_STEP          ; 0                 ; Untyped                     ;
; WIDTH_CLOCK                   ; 5                 ; Signed Integer              ;
; WIDTH_PHASECOUNTERSELECT      ; 4                 ; Untyped                     ;
; USING_FBMIMICBIDIR_PORT       ; OFF               ; Untyped                     ;
; DEVICE_FAMILY                 ; Cyclone III       ; Untyped                     ;
; SCAN_CHAIN_MIF_FILE           ; UNUSED            ; Untyped                     ;
; SIM_GATE_LOCK_DEVICE_BEHAVIOR ; OFF               ; Untyped                     ;
; AUTO_CARRY_CHAINS             ; ON                ; AUTO_CARRY                  ;
; IGNORE_CARRY_BUFFERS          ; OFF               ; IGNORE_CARRY                ;
; AUTO_CASCADE_CHAINS           ; ON                ; AUTO_CASCADE                ;
; IGNORE_CASCADE_BUFFERS        ; OFF               ; IGNORE_CASCADE              ;
+-------------------------------+-------------------+-----------------------------+
Note: In order to hide this table in the UI and the text report file, please set the "Show Parameter Settings Tables in Synthesis Report" option in "Analysis and Synthesis Settings -> More Settings" to "Off".


+---------------------------------------------------------------------------------------------------+
; Parameter Settings for User Entity Instance: PROM:inst6|RAM:inst8|altsyncram:altsyncram_component ;
+------------------------------------+----------------------+---------------------------------------+
; Parameter Name                     ; Value                ; Type                                  ;
+------------------------------------+----------------------+---------------------------------------+
; BYTE_SIZE_BLOCK                    ; 8                    ; Untyped                               ;
; AUTO_CARRY_CHAINS                  ; ON                   ; AUTO_CARRY                            ;
; IGNORE_CARRY_BUFFERS               ; OFF                  ; IGNORE_CARRY                          ;
; AUTO_CASCADE_CHAINS                ; ON                   ; AUTO_CASCADE                          ;
; IGNORE_CASCADE_BUFFERS             ; OFF                  ; IGNORE_CASCADE                        ;
; WIDTH_BYTEENA                      ; 1                    ; Untyped                               ;
; OPERATION_MODE                     ; SINGLE_PORT          ; Untyped                               ;
; WIDTH_A                            ; 4                    ; Signed Integer                        ;
; WIDTHAD_A                          ; 8                    ; Signed Integer                        ;
; NUMWORDS_A                         ; 256                  ; Signed Integer                        ;
; OUTDATA_REG_A                      ; UNREGISTERED         ; Untyped                               ;
; ADDRESS_ACLR_A                     ; NONE                 ; Untyped                               ;
; OUTDATA_ACLR_A                     ; NONE                 ; Untyped                               ;
; WRCONTROL_ACLR_A                   ; NONE                 ; Untyped                               ;
; INDATA_ACLR_A                      ; NONE                 ; Untyped                               ;
; BYTEENA_ACLR_A                     ; NONE                 ; Untyped                               ;
; WIDTH_B                            ; 1                    ; Untyped                               ;
; WIDTHAD_B                          ; 1                    ; Untyped                               ;
; NUMWORDS_B                         ; 1                    ; Untyped                               ;
; INDATA_REG_B                       ; CLOCK1               ; Untyped                               ;
; WRCONTROL_WRADDRESS_REG_B          ; CLOCK1               ; Untyped                               ;
; RDCONTROL_REG_B                    ; CLOCK1               ; Untyped                               ;
; ADDRESS_REG_B                      ; CLOCK1               ; Untyped                               ;
; OUTDATA_REG_B                      ; UNREGISTERED         ; Untyped                               ;
; BYTEENA_REG_B                      ; CLOCK1               ; Untyped                               ;
; INDATA_ACLR_B                      ; NONE                 ; Untyped                               ;
; WRCONTROL_ACLR_B                   ; NONE                 ; Untyped                               ;
; ADDRESS_ACLR_B                     ; NONE                 ; Untyped                               ;
; OUTDATA_ACLR_B                     ; NONE                 ; Untyped                               ;
; RDCONTROL_ACLR_B                   ; NONE                 ; Untyped                               ;
; BYTEENA_ACLR_B                     ; NONE                 ; Untyped                               ;
; WIDTH_BYTEENA_A                    ; 1                    ; Signed Integer                        ;
; WIDTH_BYTEENA_B                    ; 1                    ; Untyped                               ;
; RAM_BLOCK_TYPE                     ; AUTO                 ; Untyped                               ;
; BYTE_SIZE                          ; 8                    ; Untyped                               ;
; READ_DURING_WRITE_MODE_MIXED_PORTS ; DONT_CARE            ; Untyped                               ;
; READ_DURING_WRITE_MODE_PORT_A      ; NEW_DATA_NO_NBE_READ ; Untyped                               ;
; READ_DURING_WRITE_MODE_PORT_B      ; NEW_DATA_NO_NBE_READ ; Untyped                               ;
; INIT_FILE                          ; UNUSED               ; Untyped                               ;
; INIT_FILE_LAYOUT                   ; PORT_A               ; Untyped                               ;
; MAXIMUM_DEPTH                      ; 0                    ; Untyped                               ;
; CLOCK_ENABLE_INPUT_A               ; NORMAL               ; Untyped                               ;
; CLOCK_ENABLE_INPUT_B               ; NORMAL               ; Untyped                               ;
; CLOCK_ENABLE_OUTPUT_A              ; BYPASS               ; Untyped                               ;
; CLOCK_ENABLE_OUTPUT_B              ; NORMAL               ; Untyped                               ;
; CLOCK_ENABLE_CORE_A                ; USE_INPUT_CLKEN      ; Untyped                               ;
; CLOCK_ENABLE_CORE_B                ; USE_INPUT_CLKEN      ; Untyped                               ;
; ENABLE_ECC                         ; FALSE                ; Untyped                               ;
; DEVICE_FAMILY                      ; Cyclone III          ; Untyped                               ;
; CBXI_PARAMETER                     ; altsyncram_0tg1      ; Untyped                               ;
+------------------------------------+----------------------+---------------------------------------+
Note: In order to hide this table in the UI and the text report file, please set the "Show Parameter Settings Tables in Synthesis Report" option in "Analysis and Synthesis Settings -> More Settings" to "Off".


+-------------------------------------------------------------------------------------------------------+
; Parameter Settings for User Entity Instance: PROM:inst6|CNT8B:inst7|lpm_counter:lpm_counter_component ;
+------------------------+-------------+----------------------------------------------------------------+
; Parameter Name         ; Value       ; Type                                                           ;
+------------------------+-------------+----------------------------------------------------------------+
; AUTO_CARRY_CHAINS      ; ON          ; AUTO_CARRY                                                     ;
; IGNORE_CARRY_BUFFERS   ; OFF         ; IGNORE_CARRY                                                   ;
; AUTO_CASCADE_CHAINS    ; ON          ; AUTO_CASCADE                                                   ;
; IGNORE_CASCADE_BUFFERS ; OFF         ; IGNORE_CASCADE                                                 ;
; LPM_WIDTH              ; 8           ; Signed Integer                                                 ;
; LPM_DIRECTION          ; UP          ; Untyped                                                        ;
; LPM_MODULUS            ; 0           ; Untyped                                                        ;
; LPM_AVALUE             ; UNUSED      ; Untyped                                                        ;
; LPM_SVALUE             ; UNUSED      ; Untyped                                                        ;
; LPM_PORT_UPDOWN        ; PORT_UNUSED ; Untyped                                                        ;
; DEVICE_FAMILY          ; Cyclone III ; Untyped                                                        ;
; CARRY_CHAIN            ; MANUAL      ; Untyped                                                        ;
; CARRY_CHAIN_LENGTH     ; 48          ; CARRY_CHAIN_LENGTH                                             ;
; NOT_GATE_PUSH_BACK     ; ON          ; NOT_GATE_PUSH_BACK                                             ;
; CARRY_CNT_EN           ; SMART       ; Untyped                                                        ;
; LABWIDE_SCLR           ; ON          ; Untyped                                                        ;
; USE_NEW_VERSION        ; TRUE        ; Untyped                                                        ;
; CBXI_PARAMETER         ; cntr_5ri    ; Untyped                                                        ;
+------------------------+-------------+----------------------------------------------------------------+
Note: In order to hide this table in the UI and the text report file, please set the "Show Parameter Settings Tables in Synthesis Report" option in "Analysis and Synthesis Settings -> More Settings" to "Off".


+--------------------------------------------------------------------+
; altpll Parameter Settings by Entity Instance                       ;
+-------------------------------+------------------------------------+
; Name                          ; Value                              ;
+-------------------------------+------------------------------------+
; Number of entity instances    ; 1                                  ;
; Entity Instance               ; PLL:inst13|altpll:altpll_component ;
;     -- OPERATION_MODE         ; NORMAL                             ;
;     -- PLL_TYPE               ; AUTO                               ;
;     -- PRIMARY_CLOCK          ; INCLK0                             ;
;     -- INCLK0_INPUT_FREQUENCY ; 50000                              ;
;     -- INCLK1_INPUT_FREQUENCY ; 0                                  ;
;     -- VCO_MULTIPLY_BY        ; 0                                  ;
;     -- VCO_DIVIDE_BY          ; 0                                  ;
+-------------------------------+------------------------------------+


+--------------------------------------------------------------------------------------------------+
; altsyncram Parameter Settings by Entity Instance                                                 ;
+-------------------------------------------+------------------------------------------------------+
; Name                                      ; Value                                                ;
+-------------------------------------------+------------------------------------------------------+
; Number of entity instances                ; 1                                                    ;
; Entity Instance                           ; PROM:inst6|RAM:inst8|altsyncram:altsyncram_component ;
;     -- OPERATION_MODE                     ; SINGLE_PORT                                          ;
;     -- WIDTH_A                            ; 4                                                    ;
;     -- NUMWORDS_A                         ; 256                                                  ;
;     -- OUTDATA_REG_A                      ; UNREGISTERED                                         ;
;     -- WIDTH_B                            ; 1                                                    ;
;     -- NUMWORDS_B                         ; 1                                                    ;
;     -- ADDRESS_REG_B                      ; CLOCK1                                               ;
;     -- OUTDATA_REG_B                      ; UNREGISTERED                                         ;
;     -- RAM_BLOCK_TYPE                     ; AUTO                                                 ;
;     -- READ_DURING_WRITE_MODE_MIXED_PORTS ; DONT_CARE                                            ;
+-------------------------------------------+------------------------------------------------------+


+-------------------------------+
; Analysis & Synthesis Messages ;
+-------------------------------+
Info: *******************************************************************
Info: Running Quartus II Analysis & Synthesis
    Info: Version 9.1 Build 304 01/25/2010 Service Pack 1 SJ Web Edition
    Info: Processing started: Fri Jun 02 17:01:10 2017
Info: Command: quartus_map --read_settings_files=on --write_settings_files=off music -c music
Info: Found 1 design units, including 1 entities, in source file code3.v
    Info: Found entity 1: CODE3
Info: Found 1 design units, including 1 entities, in source file inx2code.v
    Info: Found entity 1: INX2CODE
Info: Found 1 design units, including 1 entities, in source file m_code.v
    Info: Found entity 1: M_CODE
Info: Found 1 design units, including 1 entities, in source file dcd7sg.v
    Info: Found entity 1: DCD7SG
Info: Found 1 design units, including 1 entities, in source file cnt11b.v
    Info: Found entity 1: CNT11B
Info: Found 1 design units, including 1 entities, in source file spk0.bdf
    Info: Found entity 1: SPK0
Info: Found 1 design units, including 1 entities, in source file music.bdf
    Info: Found entity 1: music
Info: Found 1 design units, including 1 entities, in source file pll.v
    Info: Found entity 1: PLL
Info: Found 1 design units, including 1 entities, in source file shuma7sg.v
    Info: Found entity 1: SHUMA7SG
Info: Found 1 design units, including 1 entities, in source file chucun.v
    Info: Found entity 1: CHUCUN
Info: Found 1 design units, including 1 entities, in source file /quartus9.1/数电实验大作业/简易电子琴/kekongmusic/countsr.v
    Info: Found entity 1: COUNTSR
Info: Found 2 design units, including 1 entities, in source file clk_gen.vhd
    Info: Found design unit 1: CLK_GEN-one
    Info: Found entity 1: CLK_GEN
Info: Found 1 design units, including 1 entities, in source file cnt8b.v
    Info: Found entity 1: CNT8B
Info: Found 1 design units, including 1 entities, in source file ram.v
    Info: Found entity 1: RAM
Info: Found 1 design units, including 1 entities, in source file prom.bdf
    Info: Found entity 1: PROM
Info: Elaborating entity "music" for the top level hierarchy
Info: Elaborating entity "SPK0" for hierarchy "SPK0:inst2"
Info: Elaborating entity "CNT11B" for hierarchy "SPK0:inst2|CNT11B:inst"
Info: Elaborating entity "lpm_counter" for hierarchy "SPK0:inst2|CNT11B:inst|lpm_counter:lpm_counter_component"
Info: Elaborated megafunction instantiation "SPK0:inst2|CNT11B:inst|lpm_counter:lpm_counter_component"
Info: Instantiated megafunction "SPK0:inst2|CNT11B:inst|lpm_counter:lpm_counter_component" with the following parameter:
    Info: Parameter "lpm_direction" = "UP"
    Info: Parameter "lpm_port_updown" = "PORT_UNUSED"
    Info: Parameter "lpm_type" = "LPM_COUNTER"
    Info: Parameter "lpm_width" = "11"
Info: Found 1 design units, including 1 entities, in source file db/cntr_n7j.tdf
    Info: Found entity 1: cntr_n7j
Info: Elaborating entity "cntr_n7j" for hierarchy "SPK0:inst2|CNT11B:inst|lpm_counter:lpm_counter_component|cntr_n7j:auto_generated"
Info: Elaborating entity "PLL" for hierarchy "PLL:inst13"
Info: Elaborating entity "altpll" for hierarchy "PLL:inst13|altpll:altpll_component"
Info: Elaborated megafunction instantiation "PLL:inst13|altpll:altpll_component"
Info: Instantiated megafunction "PLL:inst13|altpll:altpll_component" with the following parameter:
    Info: Parameter "bandwidth_type" = "AUTO"
    Info: Parameter "clk0_divide_by" = "20"
    Info: Parameter "clk0_duty_cycle" = "50"
    Info: Parameter "clk0_multiply_by" = "1"
    Info: Parameter "clk0_phase_shift" = "0"
    Info: Parameter "compensate_clock" = "CLK0"
    Info: Parameter "inclk0_input_frequency" = "50000"
    Info: Parameter "intended_device_family" = "Cyclone III"
    Info: Parameter "lpm_hint" = "CBX_MODULE_PREFIX=PLL"
    Info: Parameter "lpm_type" = "altpll"
    Info: Parameter "operation_mode" = "NORMAL"
    Info: Parameter "pll_type" = "AUTO"
    Info: Parameter "port_activeclock" = "PORT_UNUSED"
    Info: Parameter "port_areset" = "PORT_UNUSED"
    Info: Parameter "port_clkbad0" = "PORT_UNUSED"
    Info: Parameter "port_clkbad1" = "PORT_UNUSED"
    Info: Parameter "port_clkloss" = "PORT_UNUSED"
    Info: Parameter "port_clkswitch" = "PORT_UNUSED"
    Info: Parameter "port_configupdate" = "PORT_UNUSED"
    Info: Parameter "port_fbin" = "PORT_UNUSED"
    Info: Parameter "port_inclk0" = "PORT_USED"
    Info: Parameter "port_inclk1" = "PORT_UNUSED"
    Info: Parameter "port_locked" = "PORT_UNUSED"
    Info: Parameter "port_pfdena" = "PORT_UNUSED"
    Info: Parameter "port_phasecounterselect" = "PORT_UNUSED"
    Info: Parameter "port_phasedone" = "PORT_UNUSED"
    Info: Parameter "port_phasestep" = "PORT_UNUSED"
    Info: Parameter "port_phaseupdown" = "PORT_UNUSED"
    Info: Parameter "port_pllena" = "PORT_UNUSED"
    Info: Parameter "port_scanaclr" = "PORT_UNUSED"
    Info: Parameter "port_scanclk" = "PORT_UNUSED"
    Info: Parameter "port_scanclkena" = "PORT_UNUSED"
    Info: Parameter "port_scandata" = "PORT_UNUSED"
    Info: Parameter "port_scandataout" = "PORT_UNUSED"
    Info: Parameter "port_scandone" = "PORT_UNUSED"
    Info: Parameter "port_scanread" = "PORT_UNUSED"
    Info: Parameter "port_scanwrite" = "PORT_UNUSED"
    Info: Parameter "port_clk0" = "PORT_USED"
    Info: Parameter "port_clk1" = "PORT_UNUSED"
    Info: Parameter "port_clk2" = "PORT_UNUSED"
    Info: Parameter "port_clk3" = "PORT_UNUSED"
    Info: Parameter "port_clk4" = "PORT_UNUSED"
    Info: Parameter "port_clk5" = "PORT_UNUSED"
    Info: Parameter "port_clkena0" = "PORT_UNUSED"
    Info: Parameter "port_clkena1" = "PORT_UNUSED"
    Info: Parameter "port_clkena2" = "PORT_UNUSED"
    Info: Parameter "port_clkena3" = "PORT_UNUSED"
    Info: Parameter "port_clkena4" = "PORT_UNUSED"
    Info: Parameter "port_clkena5" = "PORT_UNUSED"
    Info: Parameter "port_extclk0" = "PORT_UNUSED"
    Info: Parameter "port_extclk1" = "PORT_UNUSED"
    Info: Parameter "port_extclk2" = "PORT_UNUSED"
    Info: Parameter "port_extclk3" = "PORT_UNUSED"
    Info: Parameter "width_clock" = "5"
Info: Found 1 design units, including 1 entities, in source file db/pll_altpll1.v
    Info: Found entity 1: PLL_altpll1
Info: Elaborating entity "PLL_altpll1" for hierarchy "PLL:inst13|altpll:altpll_component|PLL_altpll1:auto_generated"
Info: Elaborating entity "INX2CODE" for hierarchy "INX2CODE:inst1"
Info: Elaborating entity "PROM" for hierarchy "PROM:inst6"
Info: Elaborating entity "RAM" for hierarchy "PROM:inst6|RAM:inst8"
Info: Elaborating entity "altsyncram" for hierarchy "PROM:inst6|RAM:inst8|altsyncram:altsyncram_component"
Info: Elaborated megafunction instantiation "PROM:inst6|RAM:inst8|altsyncram:altsyncram_component"
Info: Instantiated megafunction "PROM:inst6|RAM:inst8|altsyncram:altsyncram_component" with the following parameter:
    Info: Parameter "clock_enable_input_a" = "NORMAL"
    Info: Parameter "clock_enable_output_a" = "BYPASS"
    Info: Parameter "intended_device_family" = "Cyclone III"
    Info: Parameter "lpm_hint" = "ENABLE_RUNTIME_MOD=NO"
    Info: Parameter "lpm_type" = "altsyncram"
    Info: Parameter "numwords_a" = "256"
    Info: Parameter "operation_mode" = "SINGLE_PORT"
    Info: Parameter "outdata_aclr_a" = "NONE"
    Info: Parameter "outdata_reg_a" = "UNREGISTERED"
    Info: Parameter "power_up_uninitialized" = "FALSE"
    Info: Parameter "read_during_write_mode_port_a" = "NEW_DATA_NO_NBE_READ"
    Info: Parameter "widthad_a" = "8"
    Info: Parameter "width_a" = "4"
    Info: Parameter "width_byteena_a" = "1"
Info: Found 1 design units, including 1 entities, in source file db/altsyncram_0tg1.tdf
    Info: Found entity 1: altsyncram_0tg1
Info: Elaborating entity "altsyncram_0tg1" for hierarchy "PROM:inst6|RAM:inst8|altsyncram:altsyncram_component|altsyncram_0tg1:auto_generated"
Info: Elaborating entity "CNT8B" for hierarchy "PROM:inst6|CNT8B:inst7"
Info: Elaborating entity "lpm_counter" for hierarchy "PROM:inst6|CNT8B:inst7|lpm_counter:lpm_counter_component"
Info: Elaborated megafunction instantiation "PROM:inst6|CNT8B:inst7|lpm_counter:lpm_counter_component"
Info: Instantiated megafunction "PROM:inst6|CNT8B:inst7|lpm_counter:lpm_counter_component" with the following parameter:
    Info: Parameter "lpm_direction" = "UP"
    Info: Parameter "lpm_port_updown" = "PORT_UNUSED"
    Info: Parameter "lpm_type" = "LPM_COUNTER"
    Info: Parameter "lpm_width" = "8"
Info: Found 1 design units, including 1 entities, in source file db/cntr_5ri.tdf
    Info: Found entity 1: cntr_5ri
Info: Elaborating entity "cntr_5ri" for hierarchy "PROM:inst6|CNT8B:inst7|lpm_counter:lpm_counter_component|cntr_5ri:auto_generated"
Info: Elaborating entity "74244" for hierarchy "PROM:inst6|74244:inst"
Info: Elaborated megafunction instantiation "PROM:inst6|74244:inst"
Info: Elaborating entity "CODE3" for hierarchy "CODE3:inst"
Info: Elaborating entity "M_CODE" for hierarchy "M_CODE:inst3"
Info: Elaborating entity "DCD7SG" for hierarchy "DCD7SG:inst4"
Info: Elaborating entity "SHUMA7SG" for hierarchy "SHUMA7SG:inst5"
Warning: Tri-state node(s) do not directly drive top-level pin(s)
    Warning: Converted tri-state buffer "PROM:inst6|74244:inst|1" feeding internal logic into a wire
    Warning: Converted tri-state buffer "PROM:inst6|74244:inst|6" feeding internal logic into a wire
    Warning: Converted tri-state buffer "PROM:inst6|74244:inst|10" feeding internal logic into a wire
    Warning: Converted tri-state buffer "PROM:inst6|74244:inst|11" feeding internal logic into a wire
Info: Timing-Driven Synthesis is running
Info: Implemented 95 device resources after synthesis - the final resource count might be different
    Info: Implemented 12 input pins
    Info: Implemented 16 output pins
    Info: Implemented 62 logic cells
    Info: Implemented 4 RAM segments
    Info: Implemented 1 PLLs
Info: Quartus II Analysis & Synthesis was successful. 0 errors, 5 warnings
    Info: Peak virtual memory: 288 megabytes
    Info: Processing ended: Fri Jun 02 17:01:19 2017
    Info: Elapsed time: 00:00:09
    Info: Total CPU time (on all processors): 00:00:08


